Edible/proguard/seeds.txt
com.edible.ocr.CaptureActivity
com.edible.ocr.CaptureActivity: CaptureActivity()
com.edible.ocr.CaptureActivityHandler$State: com.edible.ocr.CaptureActivityHandler$State[] values()
com.edible.ocr.CaptureActivityHandler$State: com.edible.ocr.CaptureActivityHandler$State valueOf(java.lang.String)
com.edible.ocr.DetailInfo
com.edible.ocr.DetailInfo: DetailInfo()
com.edible.ocr.HelpActivity
com.edible.ocr.HelpActivity: HelpActivity()
com.edible.ocr.MainActivity
com.edible.ocr.MainActivity: MainActivity()
com.edible.ocr.PreferencesActivity
com.edible.ocr.PreferencesActivity: PreferencesActivity()
com.edible.ocr.R$array: int capturemodes
com.edible.ocr.R$array: int iso6391
com.edible.ocr.R$array: int iso6393
com.edible.ocr.R$array: int languagenames
com.edible.ocr.R$array: int ocrenginemodes
com.edible.ocr.R$array: int pagesegmentationmodes
com.edible.ocr.R$array: int translationtargetiso6391_google
com.edible.ocr.R$array: int translationtargetiso6391_microsoft
com.edible.ocr.R$array: int translationtargetlanguagenames_google
com.edible.ocr.R$array: int translationtargetlanguagenames_microsoft
com.edible.ocr.R$array: int translators
com.edible.ocr.R$color: int aqua
com.edible.ocr.R$color: int black
com.edible.ocr.R$color: int blue
com.edible.ocr.R$color: int fuchsia
com.edible.ocr.R$color: int gray
com.edible.ocr.R$color: int green
com.edible.ocr.R$color: int help_button_view
com.edible.ocr.R$color: int help_view
com.edible.ocr.R$color: int lime
com.edible.ocr.R$color: int maroon
com.edible.ocr.R$color: int navy
com.edible.ocr.R$color: int olive
com.edible.ocr.R$color: int purple
com.edible.ocr.R$color: int red
com.edible.ocr.R$color: int result_minor_text
com.edible.ocr.R$color: int result_text
com.edible.ocr.R$color: int result_view
com.edible.ocr.R$color: int silver
com.edible.ocr.R$color: int status_text
com.edible.ocr.R$color: int status_top_text_background
com.edible.ocr.R$color: int teal
com.edible.ocr.R$color: int translation_text
com.edible.ocr.R$color: int viewfinder_corners
com.edible.ocr.R$color: int viewfinder_frame
com.edible.ocr.R$color: int viewfinder_mask
com.edible.ocr.R$color: int white
com.edible.ocr.R$color: int yellow
com.edible.ocr.R$drawable: int about
com.edible.ocr.R$drawable: int about_button
com.edible.ocr.R$drawable: int back
com.edible.ocr.R$drawable: int background
com.edible.ocr.R$drawable: int background_pressed
com.edible.ocr.R$drawable: int ic_launcher
com.edible.ocr.R$drawable: int setting_button
com.edible.ocr.R$drawable: int settings
com.edible.ocr.R$drawable: int shutter
com.edible.ocr.R$drawable: int shutter_button
com.edible.ocr.R$drawable: int shutter_pressed
...
com.googlecode.leptonica.android.Box
com.googlecode.leptonica.android.Box: int nativeCreate(int,int,int,int)
com.googlecode.leptonica.android.Box: int nativeGetX(int)
com.googlecode.leptonica.android.Box: int nativeGetY(int)
com.googlecode.leptonica.android.Box: int nativeGetWidth(int)
com.googlecode.leptonica.android.Box: int nativeGetHeight(int)
com.googlecode.leptonica.android.Box: void nativeDestroy(int)
com.googlecode.leptonica.android.Box: boolean nativeGetGeometry(int,int[])
com.googlecode.leptonica.android.Convert
com.googlecode.leptonica.android.Convert: int nativeConvertTo8(int)
com.googlecode.leptonica.android.Enhance
com.googlecode.leptonica.android.Enhance: int nativeUnsharpMasking(int,int,float)
com.googlecode.leptonica.android.JpegIO
com.googlecode.leptonica.android.JpegIO: byte[] nativeCompressToJpeg(int,int,boolean)
com.googlecode.leptonica.android.Pix
com.googlecode.leptonica.android.Pix: int nativeCreatePix(int,int,int)
com.googlecode.leptonica.android.Pix: int nativeCreateFromData(byte[],int,int,int)
com.googlecode.leptonica.android.Pix: boolean nativeGetData(int,byte[])
com.googlecode.leptonica.android.Pix: int nativeGetDataSize(int)
com.googlecode.leptonica.android.Pix: int nativeClone(int)
com.googlecode.leptonica.android.Pix: int nativeCopy(int)
com.googlecode.leptonica.android.Pix: boolean nativeInvert(int)
com.googlecode.leptonica.android.Pix: void nativeDestroy(int)
com.googlecode.leptonica.android.Pix: boolean nativeGetDimensions(int,int[])
com.googlecode.leptonica.android.Pix: int nativeGetWidth(int)
com.googlecode.leptonica.android.Pix: int nativeGetHeight(int)
com.googlecode.leptonica.android.Pix: int nativeGetDepth(int)
com.googlecode.leptonica.android.Pix: int nativeGetPixel(int,int,int)
com.googlecode.leptonica.android.Pix: void nativeSetPixel(int,int,int,int)
com.googlecode.leptonica.android.Pixa
com.googlecode.leptonica.android.Pixa: int nativeCreate(int)
com.googlecode.leptonica.android.Pixa: int nativeCopy(int)
com.googlecode.leptonica.android.Pixa: int nativeSort(int,int,int)
com.googlecode.leptonica.android.Pixa: boolean nativeJoin(int,int)
com.googlecode.leptonica.android.Pixa: int nativeGetCount(int)
com.googlecode.leptonica.android.Pixa: void nativeDestroy(int)
com.googlecode.leptonica.android.Pixa: void nativeAddPix(int,int,int)
com.googlecode.leptonica.android.Pixa: void nativeAddBox(int,int,int)
com.googlecode.leptonica.android.Pixa: void nativeAdd(int,int,int,int)
com.googlecode.leptonica.android.Pixa: boolean nativeWriteToFileRandomCmap(int,java.lang.String,int,int)
com.googlecode.leptonica.android.Pixa: void nativeReplacePix(int,int,int,int)
com.googlecode.leptonica.android.Pixa: void nativeMergeAndReplacePix(int,int,int)
com.googlecode.leptonica.android.Pixa: int nativeGetBox(int,int)
com.googlecode.leptonica.android.Pixa: int nativeGetPix(int,int)
com.googlecode.leptonica.android.Pixa: boolean nativeGetBoxGeometry(int,int,int[])
com.googlecode.leptonica.android.ReadFile
com.googlecode.leptonica.android.ReadFile: int nativeReadMem(byte[],int)
com.googlecode.leptonica.android.ReadFile: int nativeReadBytes8(byte[],int,int)
com.googlecode.leptonica.android.ReadFile: boolean nativeReplaceBytes8(int,byte[],int,int)
com.googlecode.leptonica.android.ReadFile: int nativeReadFiles(java.lang.String,java.lang.String)
com.googlecode.leptonica.android.ReadFile: int nativeReadFile(java.lang.String)
com.googlecode.leptonica.android.ReadFile: int nativeReadBitmap(android.graphics.Bitmap)
com.googlecode.leptonica.android.Rotate
com.googlecode.leptonica.android.Rotate: int nativeRotate(int,float,boolean,boolean)
com.googlecode.leptonica.android.Scale
com.googlecode.leptonica.android.Scale: int nativeScale(int,float,float)