Edible/proguard/mapping.txt
com.edible.ocr.BeepManager -> com.edible.ocr.a:
    java.lang.String TAG -> TAG
    android.app.Activity activity -> a
    android.media.MediaPlayer mediaPlayer -> b
    boolean playBeep -> c
    void updatePrefs() -> a
    void playBeepSoundAndVibrate() -> b
    android.media.MediaPlayer buildMediaPlayer(android.content.Context) -> a
com.edible.ocr.BeepManager$1 -> com.edible.ocr.b:
    void onCompletion(android.media.MediaPlayer) -> onCompletion
com.edible.ocr.CaptureActivity -> com.edible.ocr.CaptureActivity:
    java.lang.String TAG -> TAG
    java.lang.String[] CUBE_SUPPORTED_LANGUAGES -> d
    java.lang.String[] CUBE_REQUIRED_LANGUAGES -> e
    com.edible.ocr.camera.CameraManager cameraManager -> f
    com.edible.ocr.CaptureActivityHandler handler -> g
    com.edible.ocr.ViewfinderView viewfinderView -> h
    android.view.SurfaceView surfaceView -> i
    android.view.SurfaceHolder surfaceHolder -> j
    android.widget.TextView statusViewBottom -> k
    android.widget.TextView statusViewTop -> l
    android.widget.TextView ocrResultView -> m
    android.widget.TextView translationView -> n
    android.view.View cameraButtonView -> o
    android.view.View resultView -> p
    android.view.View progressView -> q
    com.edible.ocr.OcrResult lastResult -> r
    android.graphics.Bitmap lastBitmap -> s
    boolean hasSurface -> t
    com.edible.ocr.BeepManager beepManager -> u
    com.googlecode.tesseract.android.TessBaseAPI baseApi -> v
    java.lang.String sourceLanguageCodeOcr -> w
    java.lang.String sourceLanguageReadable -> x
    java.lang.String sourceLanguageCodeTranslation -> y
    java.lang.String targetLanguageCodeTranslation -> z
    java.lang.String targetLanguageReadable -> A
    int pageSegmentationMode -> B
    int ocrEngineMode -> C
    java.lang.String characterBlacklist -> D
    java.lang.String characterWhitelist -> E
com.edible.ocr.CaptureActivity$1 -> com.edible.ocr.c:
    com.edible.ocr.CaptureActivity this$0 -> X
    void onClick(android.view.View) -> onClick
com.edible.ocr.CaptureActivity$2 -> com.edible.ocr.d:
    com.edible.ocr.CaptureActivity this$0 -> X
    void onClick(android.view.View) -> onClick
com.edible.ocr.CaptureActivity$3 -> com.edible.ocr.e:
    com.edible.ocr.CaptureActivity this$0 -> X
    void onClick(android.view.View) -> onClick
com.edible.ocr.CaptureActivity$4 -> com.edible.ocr.f:
    int lastX -> Y
    int lastY -> Z
    com.edible.ocr.CaptureActivity this$0 -> X
    boolean onTouch(android.view.View,android.view.MotionEvent) -> onTouch
com.edible.ocr.CaptureActivity$HttpAsyncTask -> com.edible.ocr.g:
    com.edible.ocr.CaptureActivity this$0 -> X
    void onPostExecute(java.lang.Object) -> onPostExecute
    java.lang.Object doInBackground(java.lang.Object[]) -> doInBackground
com.edible.ocr.CaptureActivityHandler -> com.edible.ocr.h:
    java.lang.String TAG -> TAG
    com.edible.ocr.CaptureActivity activity -> aa
    com.edible.ocr.DecodeThread decodeThread -> ab
    com.edible.ocr.CaptureActivityHandler$State state -> ac
    com.edible.ocr.camera.CameraManager cameraManager -> f
    void handleMessage(android.os.Message) -> handleMessage
    void stop() -> stop
    void resetState() -> u
    void quitSynchronously() -> v
    void restartOcrPreview() -> w
    void restartOcrPreviewAndDecode() -> x
    void ocrDecode() -> y
    void hardwareShutterButtonClick() -> z
    void shutterButtonClick() -> A
...
com.google.api.GoogleAPI -> com.a.a.a:
    java.lang.String referrer -> cb
    java.lang.String key -> cc
    void setHttpReferrer(java.lang.String) -> e
    void setKey(java.lang.String) -> setKey
    void validateReferrer() -> O
    org.json.JSONObject retrieveJSON(java.net.URL) -> a
    java.lang.String inputStreamToString(java.io.InputStream) -> b
com.google.api.GoogleAPIException -> com.a.a.b:
com.google.api.translate.Language -> com.a.a.a.a:
    com.google.api.translate.Language AUTO_DETECT -> cd
    com.google.api.translate.Language AFRIKAANS -> ce
    com.google.api.translate.Language ALBANIAN -> cf
    com.google.api.translate.Language AMHARIC -> cg
    com.google.api.translate.Language ARABIC -> ch
    com.google.api.translate.Language ARMENIAN -> ci
    com.google.api.translate.Language AZERBAIJANI -> cj
    com.google.api.translate.Language BASQUE -> ck
    com.google.api.translate.Language BELARUSIAN -> cl
    com.google.api.translate.Language BENGALI -> cm
    com.google.api.translate.Language BIHARI -> cn
    com.google.api.translate.Language BULGARIAN -> co
    com.google.api.translate.Language BURMESE -> cp
    com.google.api.translate.Language CATALAN -> cq
    com.google.api.translate.Language CHEROKEE -> cr
    com.google.api.translate.Language CHINESE -> cs
    com.google.api.translate.Language CHINESE_SIMPLIFIED -> ct
    com.google.api.translate.Language CHINESE_TRADITIONAL -> cu
    com.google.api.translate.Language CROATIAN -> cv
    com.google.api.translate.Language CZECH -> cw
    com.google.api.translate.Language DANISH -> cx
    com.google.api.translate.Language DHIVEHI -> cy
    com.google.api.translate.Language DUTCH -> cz
    com.google.api.translate.Language ENGLISH -> cA
    com.google.api.translate.Language ESPERANTO -> cB
    com.google.api.translate.Language ESTONIAN -> cC
com.google.api.translate.Translate -> com.a.a.a.b:
    com.google.api.translate.Translate DEFAULT -> dT
    java.lang.String execute(java.lang.String,com.google.api.translate.Language,com.google.api.translate.Language) -> a
com.google.api.translate.TranslateV2 -> com.a.a.a.c:
    java.lang.String execute(java.lang.String,com.google.api.translate.Language,com.google.api.translate.Language) -> a
com.googlecode.leptonica.android.Pix -> com.googlecode.leptonica.android.Pix:
    int mNativePix -> dU
    boolean mRecycled -> dV
    int getNativePix() -> P
    void finalize() -> finalize
    int nativeClone(int) -> nativeClone
    void nativeDestroy(int) -> nativeDestroy
    java.lang.Object clone() -> clone
com.googlecode.leptonica.android.Pixa -> com.googlecode.leptonica.android.Pixa:
    int mNativePixa -> dW
    int mWidth -> dX
    int mHeight -> dY
    boolean mRecycled -> dV
    int size() -> size
    void recycle() -> recycle
    void finalize() -> finalize
    com.googlecode.leptonica.android.Pix getPix(int) -> a
    java.util.ArrayList getBoxRects() -> Q
    java.util.Iterator iterator() -> iterator
    int nativeGetCount(int) -> nativeGetCount
    void nativeDestroy(int) -> nativeDestroy
    int nativeGetPix(int,int) -> nativeGetPix
    boolean nativeGetBoxGeometry(int,int,int[]) -> nativeGetBoxGeometry
com.googlecode.leptonica.android.Pixa$PixIterator -> com.googlecode.leptonica.android.a:
    int mIndex -> dZ
    com.googlecode.leptonica.android.Pixa this$0 -> ea
    boolean hasNext() -> hasNext
    void remove() -> remove
    java.lang.Object next() -> next
com.googlecode.leptonica.android.ReadFile -> com.googlecode.leptonica.android.ReadFile:
    com.googlecode.leptonica.android.Pix readBitmap(android.graphics.Bitmap) -> a
    int nativeReadBitmap(android.graphics.Bitmap) -> nativeReadBitmap