Edible/proguard/usage.txt
com.edible.ocr.BeepManager:
    private static final float BEEP_VOLUME
com.edible.ocr.BuildConfig
com.edible.ocr.CaptureActivity:
    private static final java.lang.String KEY
    public static final java.lang.String DEFAULT_SOURCE_LANGUAGE_CODE
    public static final java.lang.String DEFAULT_TARGET_LANGUAGE_CODE
    public static final java.lang.String DEFAULT_TRANSLATOR
    public static final java.lang.String DEFAULT_OCR_ENGINE_MODE
    public static final java.lang.String DEFAULT_PAGE_SEGMENTATION_MODE
    public static final boolean DEFAULT_TOGGLE_AUTO_FOCUS
    public static final boolean DEFAULT_DISABLE_CONTINUOUS_FOCUS
    public static final boolean DEFAULT_TOGGLE_BEEP
    public static final boolean DEFAULT_TOGGLE_CONTINUOUS
    public static final boolean DEFAULT_TOGGLE_REVERSED_IMAGE
    public static final boolean DEFAULT_TOGGLE_TRANSLATION
    public static final boolean DEFAULT_TOGGLE_LIGHT
    private static final boolean CONTINUOUS_DISPLAY_RECOGNIZED_TEXT
    private static final boolean CONTINUOUS_DISPLAY_METADATA
    private static final boolean DISPLAY_SHUTTER_BUTTON
    static final java.lang.String DOWNLOAD_BASE
    static final java.lang.String OSD_FILENAME
    static final java.lang.String OSD_FILENAME_BASE
    static final int MINIMUM_MEAN_CONFIDENCE
    private static final int SETTINGS_ID
    private static final int ABOUT_ID
    private static final int OPTIONS_COPY_RECOGNIZED_TEXT_ID
    private static final int OPTIONS_COPY_TRANSLATED_TEXT_ID
    private static final int OPTIONS_SHARE_RECOGNIZED_TEXT_ID
com.edible.ocr.DetailInfo:
    public static final java.lang.String IP_ADDR
    public static final int PORT
    protected static final int MSG_SUCCESS
    protected static final int MSG_FAILURE
com.edible.ocr.Global:
    public static final int GET_RESULT_REQUEST
    3:3:public Global()
com.edible.ocr.HelpActivity:
    public static final java.lang.String REQUESTED_PAGE_KEY
    public static final java.lang.String DEFAULT_PAGE
    public static final java.lang.String ABOUT_PAGE
    public static final java.lang.String TERMS_PAGE
    public static final java.lang.String WHATS_NEW_PAGE
    private static final java.lang.String BASE_URL
    private static final java.lang.String WEBVIEW_STATE_PRESENT
com.edible.ocr.LuminanceSource:
    public abstract byte[] getRow(int,byte[])
    public abstract byte[] getMatrix()
    80:80:public boolean isCropSupported()
    94:94:public com.edible.ocr.LuminanceSource crop(int,int,int,int)
    101:101:public boolean isRotateSupported()
    110:110:public com.edible.ocr.LuminanceSource rotateCounterClockwise()
...
com.googlecode.leptonica.android.Binarize
com.googlecode.leptonica.android.Box
com.googlecode.leptonica.android.Constants
com.googlecode.leptonica.android.Convert
com.googlecode.leptonica.android.Enhance
com.googlecode.leptonica.android.JpegIO
com.googlecode.leptonica.android.Pix:
    public static final int INDEX_W
    public static final int INDEX_H
    public static final int INDEX_D
    57:67:public Pix(int,int,int)
    86:94:public byte[] getData()
    104:110:public int[] getDimensions()
    121:121:public boolean getDimensions(int[])
    148:154:public com.googlecode.leptonica.android.Pix copy()
    163:163:public boolean invert()
    195:201:public static com.googlecode.leptonica.android.Pix createFromPix(byte[],int,int,int)
    210:213:public android.graphics.Rect getRect()
    222:222:public int getWidth()
    231:231:public int getHeight()
    240:240:public int getDepth()
    253:259:public int getPixel(int,int)
    272:279:public void setPixel(int,int,int)
    private static native int nativeCreatePix(int,int,int)
    private static native int nativeCreateFromData(byte[],int,int,int)
    private static native boolean nativeGetData(int,byte[])
    private static native int nativeGetDataSize(int)
    private static native int nativeCopy(int)
    private static native boolean nativeInvert(int)
    private static native boolean nativeGetDimensions(int,int[])
    private static native int nativeGetWidth(int)
    private static native int nativeGetHeight(int)
    private static native int nativeGetDepth(int)
    private static native int nativeGetPixel(int,int,int)
    private static native void nativeSetPixel(int,int,int,int)
com.googlecode.leptonica.android.Pixa:
    55:55:public static com.googlecode.leptonica.android.Pixa createPixa(int)
    71:77:public static com.googlecode.leptonica.android.Pixa createPixa(int,int,int)
    100:100:public int getNativePixa()
    110:116:public com.googlecode.leptonica.android.Pixa copy()
    130:136:public com.googlecode.leptonica.android.Pixa sort(int,int)
    178:178:public boolean join(com.googlecode.leptonica.android.Pixa)
    189:190:public void addPix(com.googlecode.leptonica.android.Pix,int)
    200:201:public void addBox(com.googlecode.leptonica.android.Box,int)
    212:213:public void add(com.googlecode.leptonica.android.Pix,com.googlecode.leptonica.android.Box,int)
    222:228:public com.googlecode.leptonica.android.Box getBox(int)
    255:255:public int getWidth()
    266:266:public int getHeight()
    276:276:public android.graphics.Rect getRect()
    286:299:public android.graphics.Rect getBoxRect(int)
    310:316:public int[] getBoxGeometry(int)
    364:365:public void replacePix(int,com.googlecode.leptonica.android.Pix,com.googlecode.leptonica.android.Box)
    376:377:public void mergeAndReplacePix(int,int)
    387:387:public boolean writeToFileRandomCmap(java.io.File)
    private static native int nativeCreate(int)
    private static native int nativeCopy(int)
    private static native int nativeSort(int,int,int)
    private static native boolean nativeJoin(int,int)